{
  "RSpec": {
    "coverage": {
      "/home/ubuntu/workspace/Game101/app/helpers/application_helper.rb": [
        1,
        null
      ],
      "/home/ubuntu/workspace/Game101/app/controllers/questions_controller.rb": [
        1,
        1,
        null,
        1,
        0,
        0,
        0,
        0,
        0,
        null,
        0,
        0,
        0,
        0,
        0,
        null,
        null,
        0,
        0,
        null,
        null,
        0,
        0,
        0,
        0,
        0,
        0,
        null,
        null,
        null,
        1,
        1,
        null,
        null,
        1,
        1,
        null,
        null,
        1,
        6,
        6,
        null,
        null,
        null,
        1,
        1,
        1,
        null,
        0,
        null,
        null,
        null,
        null,
        null,
        null
      ],
      "/home/ubuntu/workspace/Game101/app/controllers/application_controller.rb": [
        1,
        null,
        null,
        1,
        null
      ],
      "/home/ubuntu/workspace/Game101/app/models/question.rb": [
        1,
        1,
        1,
        1,
        1,
        1,
        0,
        null,
        null,
        null,
        null
      ]
    },
    "timestamp": 1447284382
  }
}
